

Started GET "/" for 127.0.0.1 at 2011-03-21 20:36:56 +0530

Mysql2::Error (Unknown database 'final_production'):
  

Rendered /home/sujitsagar/.rvm/gems/ruby-1.9.2-p0/gems/actionpack-3.0.4/lib/action_dispatch/middleware/templates/rescues/_trace.erb (1.4ms)
Rendered /home/sujitsagar/.rvm/gems/ruby-1.9.2-p0/gems/actionpack-3.0.4/lib/action_dispatch/middleware/templates/rescues/_request_and_response.erb (9.5ms)
Rendered /home/sujitsagar/.rvm/gems/ruby-1.9.2-p0/gems/actionpack-3.0.4/lib/action_dispatch/middleware/templates/rescues/diagnostics.erb within rescues/layout (15.9ms)


Started GET "/favicon.ico" for 127.0.0.1 at 2011-03-21 20:36:56 +0530

Mysql2::Error (Unknown database 'final_production'):
  

Rendered /home/sujitsagar/.rvm/gems/ruby-1.9.2-p0/gems/actionpack-3.0.4/lib/action_dispatch/middleware/templates/rescues/_trace.erb (1.5ms)
Rendered /home/sujitsagar/.rvm/gems/ruby-1.9.2-p0/gems/actionpack-3.0.4/lib/action_dispatch/middleware/templates/rescues/_request_and_response.erb (1.5ms)
Rendered /home/sujitsagar/.rvm/gems/ruby-1.9.2-p0/gems/actionpack-3.0.4/lib/action_dispatch/middleware/templates/rescues/diagnostics.erb within rescues/layout (7.3ms)


Started GET "/" for 127.0.0.1 at 2011-03-21 20:37:33 +0530
  Processing by PagesController#home as HTML
Rendered layouts/_stylesheets.html.erb (2.0ms)
Rendered layouts/_header.html.erb (3.3ms)
Rendered layouts/_footer.html.erb (1.0ms)
Rendered pages/home.html.erb within layouts/application (92.0ms)
Completed 200 OK in 120ms (Views: 119.2ms | ActiveRecord: 0.0ms)


Started GET "/stylesheets/scaffold.css?1300620171" for 127.0.0.1 at 2011-03-21 20:37:33 +0530

ActionController::RoutingError (No route matches "/stylesheets/scaffold.css"):
  

Rendered /home/sujitsagar/.rvm/gems/ruby-1.9.2-p0/gems/actionpack-3.0.4/lib/action_dispatch/middleware/templates/rescues/routing_error.erb within rescues/layout (1.2ms)


Started GET "/javascripts/effects.js?1300620111" for 127.0.0.1 at 2011-03-21 20:37:33 +0530

ActionController::RoutingError (No route matches "/javascripts/effects.js"):
  

Rendered /home/sujitsagar/.rvm/gems/ruby-1.9.2-p0/gems/actionpack-3.0.4/lib/action_dispatch/middleware/templates/rescues/routing_error.erb within rescues/layout (1.2ms)


Started GET "/javascripts/dragdrop.js?1300620111" for 127.0.0.1 at 2011-03-21 20:37:33 +0530

ActionController::RoutingError (No route matches "/javascripts/dragdrop.js"):
  

Rendered /home/sujitsagar/.rvm/gems/ruby-1.9.2-p0/gems/actionpack-3.0.4/lib/action_dispatch/middleware/templates/rescues/routing_error.erb within rescues/layout (1.1ms)


Started GET "/stylesheets/custom.css?1300659274" for 127.0.0.1 at 2011-03-21 20:37:33 +0530

ActionController::RoutingError (No route matches "/stylesheets/custom.css"):
  

Rendered /home/sujitsagar/.rvm/gems/ruby-1.9.2-p0/gems/actionpack-3.0.4/lib/action_dispatch/middleware/templates/rescues/routing_error.erb within rescues/layout (1.1ms)


Started GET "/javascripts/prototype.js?1300620111" for 127.0.0.1 at 2011-03-21 20:37:33 +0530

ActionController::RoutingError (No route matches "/javascripts/prototype.js"):
  

Rendered /home/sujitsagar/.rvm/gems/ruby-1.9.2-p0/gems/actionpack-3.0.4/lib/action_dispatch/middleware/templates/rescues/routing_error.erb within rescues/layout (2.2ms)


Started GET "/javascripts/controls.js?1300620111" for 127.0.0.1 at 2011-03-21 20:37:33 +0530

ActionController::RoutingError (No route matches "/javascripts/controls.js"):
  

Rendered /home/sujitsagar/.rvm/gems/ruby-1.9.2-p0/gems/actionpack-3.0.4/lib/action_dispatch/middleware/templates/rescues/routing_error.erb within rescues/layout (1.2ms)


Started GET "/javascripts/rails.js?1300620111" for 127.0.0.1 at 2011-03-21 20:37:33 +0530

ActionController::RoutingError (No route matches "/javascripts/rails.js"):
  

Rendered /home/sujitsagar/.rvm/gems/ruby-1.9.2-p0/gems/actionpack-3.0.4/lib/action_dispatch/middleware/templates/rescues/routing_error.erb within rescues/layout (1.3ms)


Started GET "/javascripts/application.js?1300620111" for 127.0.0.1 at 2011-03-21 20:37:33 +0530

ActionController::RoutingError (No route matches "/javascripts/application.js"):
  

Rendered /home/sujitsagar/.rvm/gems/ruby-1.9.2-p0/gems/actionpack-3.0.4/lib/action_dispatch/middleware/templates/rescues/routing_error.erb within rescues/layout (1.2ms)


Started GET "/images/logo.png?1300656506" for 127.0.0.1 at 2011-03-21 20:37:33 +0530

ActionController::RoutingError (No route matches "/images/logo.png"):
  

Rendered /home/sujitsagar/.rvm/gems/ruby-1.9.2-p0/gems/actionpack-3.0.4/lib/action_dispatch/middleware/templates/rescues/routing_error.erb within rescues/layout (1.2ms)


Started GET "/favicon.ico" for 127.0.0.1 at 2011-03-21 20:37:33 +0530

ActionController::RoutingError (No route matches "/favicon.ico"):
  

Rendered /home/sujitsagar/.rvm/gems/ruby-1.9.2-p0/gems/actionpack-3.0.4/lib/action_dispatch/middleware/templates/rescues/routing_error.erb within rescues/layout (1.1ms)


Started GET "/" for 127.0.0.1 at 2011-03-21 20:37:35 +0530
  Processing by PagesController#home as HTML
Rendered layouts/_stylesheets.html.erb (0.8ms)
Rendered layouts/_header.html.erb (0.9ms)
Rendered layouts/_footer.html.erb (0.4ms)
Rendered pages/home.html.erb within layouts/application (3.5ms)
Completed 200 OK in 4ms (Views: 4.1ms | ActiveRecord: 0.0ms)


Started GET "/stylesheets/scaffold.css?1300620171" for 127.0.0.1 at 2011-03-21 20:37:35 +0530

ActionController::RoutingError (No route matches "/stylesheets/scaffold.css"):
  

Rendered /home/sujitsagar/.rvm/gems/ruby-1.9.2-p0/gems/actionpack-3.0.4/lib/action_dispatch/middleware/templates/rescues/routing_error.erb within rescues/layout (1.1ms)


Started GET "/javascripts/prototype.js?1300620111" for 127.0.0.1 at 2011-03-21 20:37:35 +0530

ActionController::RoutingError (No route matches "/javascripts/prototype.js"):
  

Rendered /home/sujitsagar/.rvm/gems/ruby-1.9.2-p0/gems/actionpack-3.0.4/lib/action_dispatch/middleware/templates/rescues/routing_error.erb within rescues/layout (1.3ms)


Started GET "/stylesheets/ie.css?1290014457" for 127.0.0.1 at 2011-03-21 20:37:35 +0530

ActionController::RoutingError (No route matches "/stylesheets/ie.css"):
  

Rendered /home/sujitsagar/.rvm/gems/ruby-1.9.2-p0/gems/actionpack-3.0.4/lib/action_dispatch/middleware/templates/rescues/routing_error.erb within rescues/layout (1.1ms)


Started GET "/stylesheets/screen.css?1290014457" for 127.0.0.1 at 2011-03-21 20:37:35 +0530

ActionController::RoutingError (No route matches "/stylesheets/screen.css"):
  

Rendered /home/sujitsagar/.rvm/gems/ruby-1.9.2-p0/gems/actionpack-3.0.4/lib/action_dispatch/middleware/templates/rescues/routing_error.erb within rescues/layout (1.2ms)


Started GET "/stylesheets/custom.css?1300659274" for 127.0.0.1 at 2011-03-21 20:37:35 +0530

ActionController::RoutingError (No route matches "/stylesheets/custom.css"):
  

Rendered /home/sujitsagar/.rvm/gems/ruby-1.9.2-p0/gems/actionpack-3.0.4/lib/action_dispatch/middleware/templates/rescues/routing_error.erb within rescues/layout (1.1ms)


Started GET "/stylesheets/print.css?1290014457" for 127.0.0.1 at 2011-03-21 20:37:35 +0530

ActionController::RoutingError (No route matches "/stylesheets/print.css"):
  

Rendered /home/sujitsagar/.rvm/gems/ruby-1.9.2-p0/gems/actionpack-3.0.4/lib/action_dispatch/middleware/templates/rescues/routing_error.erb within rescues/layout (1.3ms)


Started GET "/javascripts/effects.js?1300620111" for 127.0.0.1 at 2011-03-21 20:37:35 +0530

ActionController::RoutingError (No route matches "/javascripts/effects.js"):
  

Rendered /home/sujitsagar/.rvm/gems/ruby-1.9.2-p0/gems/actionpack-3.0.4/lib/action_dispatch/middleware/templates/rescues/routing_error.erb within rescues/layout (1.1ms)


Started GET "/javascripts/dragdrop.js?1300620111" for 127.0.0.1 at 2011-03-21 20:37:35 +0530

ActionController::RoutingError (No route matches "/javascripts/dragdrop.js"):
  

Rendered /home/sujitsagar/.rvm/gems/ruby-1.9.2-p0/gems/actionpack-3.0.4/lib/action_dispatch/middleware/templates/rescues/routing_error.erb within rescues/layout (1.1ms)


Started GET "/javascripts/controls.js?1300620111" for 127.0.0.1 at 2011-03-21 20:37:35 +0530

ActionController::RoutingError (No route matches "/javascripts/controls.js"):
  

Rendered /home/sujitsagar/.rvm/gems/ruby-1.9.2-p0/gems/actionpack-3.0.4/lib/action_dispatch/middleware/templates/rescues/routing_error.erb within rescues/layout (1.1ms)


Started GET "/javascripts/rails.js?1300620111" for 127.0.0.1 at 2011-03-21 20:37:35 +0530

ActionController::RoutingError (No route matches "/javascripts/rails.js"):
  

Rendered /home/sujitsagar/.rvm/gems/ruby-1.9.2-p0/gems/actionpack-3.0.4/lib/action_dispatch/middleware/templates/rescues/routing_error.erb within rescues/layout (1.1ms)


Started GET "/javascripts/application.js?1300620111" for 127.0.0.1 at 2011-03-21 20:37:35 +0530

ActionController::RoutingError (No route matches "/javascripts/application.js"):
  

Rendered /home/sujitsagar/.rvm/gems/ruby-1.9.2-p0/gems/actionpack-3.0.4/lib/action_dispatch/middleware/templates/rescues/routing_error.erb within rescues/layout (1.2ms)


Started GET "/images/logo.png?1300656506" for 127.0.0.1 at 2011-03-21 20:37:35 +0530

ActionController::RoutingError (No route matches "/images/logo.png"):
  

Rendered /home/sujitsagar/.rvm/gems/ruby-1.9.2-p0/gems/actionpack-3.0.4/lib/action_dispatch/middleware/templates/rescues/routing_error.erb within rescues/layout (1.2ms)


Started GET "/favicon.ico" for 127.0.0.1 at 2011-03-21 20:37:36 +0530

ActionController::RoutingError (No route matches "/favicon.ico"):
  

Rendered /home/sujitsagar/.rvm/gems/ruby-1.9.2-p0/gems/actionpack-3.0.4/lib/action_dispatch/middleware/templates/rescues/routing_error.erb within rescues/layout (1.3ms)


Started GET "/" for 127.0.0.1 at 2011-03-21 20:37:38 +0530
  Processing by PagesController#home as HTML
Rendered layouts/_stylesheets.html.erb (0.9ms)
Rendered layouts/_header.html.erb (1.1ms)
Rendered layouts/_footer.html.erb (0.4ms)
Rendered pages/home.html.erb within layouts/application (4.0ms)
Completed 200 OK in 5ms (Views: 4.7ms | ActiveRecord: 0.0ms)


Started GET "/stylesheets/ie.css?1290014457" for 127.0.0.1 at 2011-03-21 20:37:38 +0530

ActionController::RoutingError (No route matches "/stylesheets/ie.css"):
  

Rendered /home/sujitsagar/.rvm/gems/ruby-1.9.2-p0/gems/actionpack-3.0.4/lib/action_dispatch/middleware/templates/rescues/routing_error.erb within rescues/layout (26.5ms)


Started GET "/stylesheets/screen.css?1290014457" for 127.0.0.1 at 2011-03-21 20:37:38 +0530

ActionController::RoutingError (No route matches "/stylesheets/screen.css"):
  

Rendered /home/sujitsagar/.rvm/gems/ruby-1.9.2-p0/gems/actionpack-3.0.4/lib/action_dispatch/middleware/templates/rescues/routing_error.erb within rescues/layout (1.1ms)


Started GET "/javascripts/effects.js?1300620111" for 127.0.0.1 at 2011-03-21 20:37:38 +0530

ActionController::RoutingError (No route matches "/javascripts/effects.js"):
  

Rendered /home/sujitsagar/.rvm/gems/ruby-1.9.2-p0/gems/actionpack-3.0.4/lib/action_dispatch/middleware/templates/rescues/routing_error.erb within rescues/layout (1.3ms)


Started GET "/stylesheets/custom.css?1300659274" for 127.0.0.1 at 2011-03-21 20:37:38 +0530

ActionController::RoutingError (No route matches "/stylesheets/custom.css"):
  

Rendered /home/sujitsagar/.rvm/gems/ruby-1.9.2-p0/gems/actionpack-3.0.4/lib/action_dispatch/middleware/templates/rescues/routing_error.erb within rescues/layout (1.1ms)


Started GET "/stylesheets/scaffold.css?1300620171" for 127.0.0.1 at 2011-03-21 20:37:38 +0530

ActionController::RoutingError (No route matches "/stylesheets/scaffold.css"):
  

Rendered /home/sujitsagar/.rvm/gems/ruby-1.9.2-p0/gems/actionpack-3.0.4/lib/action_dispatch/middleware/templates/rescues/routing_error.erb within rescues/layout (1.1ms)


Started GET "/javascripts/prototype.js?1300620111" for 127.0.0.1 at 2011-03-21 20:37:38 +0530

ActionController::RoutingError (No route matches "/javascripts/prototype.js"):
  

Rendered /home/sujitsagar/.rvm/gems/ruby-1.9.2-p0/gems/actionpack-3.0.4/lib/action_dispatch/middleware/templates/rescues/routing_error.erb within rescues/layout (1.1ms)


Started GET "/javascripts/dragdrop.js?1300620111" for 127.0.0.1 at 2011-03-21 20:37:38 +0530

ActionController::RoutingError (No route matches "/javascripts/dragdrop.js"):
  

Rendered /home/sujitsagar/.rvm/gems/ruby-1.9.2-p0/gems/actionpack-3.0.4/lib/action_dispatch/middleware/templates/rescues/routing_error.erb within rescues/layout (1.1ms)


Started GET "/javascripts/controls.js?1300620111" for 127.0.0.1 at 2011-03-21 20:37:38 +0530

ActionController::RoutingError (No route matches "/javascripts/controls.js"):
  

Rendered /home/sujitsagar/.rvm/gems/ruby-1.9.2-p0/gems/actionpack-3.0.4/lib/action_dispatch/middleware/templates/rescues/routing_error.erb within rescues/layout (1.2ms)


Started GET "/javascripts/rails.js?1300620111" for 127.0.0.1 at 2011-03-21 20:37:38 +0530

ActionController::RoutingError (No route matches "/javascripts/rails.js"):
  

Rendered /home/sujitsagar/.rvm/gems/ruby-1.9.2-p0/gems/actionpack-3.0.4/lib/action_dispatch/middleware/templates/rescues/routing_error.erb within rescues/layout (1.1ms)


Started GET "/javascripts/application.js?1300620111" for 127.0.0.1 at 2011-03-21 20:37:38 +0530

ActionController::RoutingError (No route matches "/javascripts/application.js"):
  

Rendered /home/sujitsagar/.rvm/gems/ruby-1.9.2-p0/gems/actionpack-3.0.4/lib/action_dispatch/middleware/templates/rescues/routing_error.erb within rescues/layout (1.1ms)


Started GET "/stylesheets/print.css?1290014457" for 127.0.0.1 at 2011-03-21 20:37:38 +0530

ActionController::RoutingError (No route matches "/stylesheets/print.css"):
  

Rendered /home/sujitsagar/.rvm/gems/ruby-1.9.2-p0/gems/actionpack-3.0.4/lib/action_dispatch/middleware/templates/rescues/routing_error.erb within rescues/layout (1.1ms)


Started GET "/images/logo.png?1300656506" for 127.0.0.1 at 2011-03-21 20:37:38 +0530

ActionController::RoutingError (No route matches "/images/logo.png"):
  

Rendered /home/sujitsagar/.rvm/gems/ruby-1.9.2-p0/gems/actionpack-3.0.4/lib/action_dispatch/middleware/templates/rescues/routing_error.erb within rescues/layout (1.3ms)


Started GET "/favicon.ico" for 127.0.0.1 at 2011-03-21 20:37:38 +0530

ActionController::RoutingError (No route matches "/favicon.ico"):
  

Rendered /home/sujitsagar/.rvm/gems/ruby-1.9.2-p0/gems/actionpack-3.0.4/lib/action_dispatch/middleware/templates/rescues/routing_error.erb within rescues/layout (1.2ms)


Started GET "/" for 127.0.0.1 at 2011-03-21 20:37:39 +0530
  Processing by PagesController#home as HTML
Rendered layouts/_stylesheets.html.erb (0.8ms)
Rendered layouts/_header.html.erb (0.9ms)
Rendered layouts/_footer.html.erb (0.4ms)
Rendered pages/home.html.erb within layouts/application (3.8ms)
Completed 200 OK in 4ms (Views: 4.3ms | ActiveRecord: 0.0ms)


Started GET "/stylesheets/screen.css?1290014457" for 127.0.0.1 at 2011-03-21 20:37:39 +0530

ActionController::RoutingError (No route matches "/stylesheets/screen.css"):
  

Rendered /home/sujitsagar/.rvm/gems/ruby-1.9.2-p0/gems/actionpack-3.0.4/lib/action_dispatch/middleware/templates/rescues/routing_error.erb within rescues/layout (1.4ms)


Started GET "/stylesheets/ie.css?1290014457" for 127.0.0.1 at 2011-03-21 20:37:39 +0530

ActionController::RoutingError (No route matches "/stylesheets/ie.css"):
  

Rendered /home/sujitsagar/.rvm/gems/ruby-1.9.2-p0/gems/actionpack-3.0.4/lib/action_dispatch/middleware/templates/rescues/routing_error.erb within rescues/layout (1.2ms)


Started GET "/stylesheets/custom.css?1300659274" for 127.0.0.1 at 2011-03-21 20:37:39 +0530

ActionController::RoutingError (No route matches "/stylesheets/custom.css"):
  

Rendered /home/sujitsagar/.rvm/gems/ruby-1.9.2-p0/gems/actionpack-3.0.4/lib/action_dispatch/middleware/templates/rescues/routing_error.erb within rescues/layout (1.2ms)


Started GET "/javascripts/prototype.js?1300620111" for 127.0.0.1 at 2011-03-21 20:37:39 +0530

ActionController::RoutingError (No route matches "/javascripts/prototype.js"):
  

Rendered /home/sujitsagar/.rvm/gems/ruby-1.9.2-p0/gems/actionpack-3.0.4/lib/action_dispatch/middleware/templates/rescues/routing_error.erb within rescues/layout (1.2ms)


Started GET "/javascripts/effects.js?1300620111" for 127.0.0.1 at 2011-03-21 20:37:40 +0530

ActionController::RoutingError (No route matches "/javascripts/effects.js"):
  

Rendered /home/sujitsagar/.rvm/gems/ruby-1.9.2-p0/gems/actionpack-3.0.4/lib/action_dispatch/middleware/templates/rescues/routing_error.erb within rescues/layout (1.1ms)


Started GET "/stylesheets/scaffold.css?1300620171" for 127.0.0.1 at 2011-03-21 20:37:40 +0530

ActionController::RoutingError (No route matches "/stylesheets/scaffold.css"):
  

Rendered /home/sujitsagar/.rvm/gems/ruby-1.9.2-p0/gems/actionpack-3.0.4/lib/action_dispatch/middleware/templates/rescues/routing_error.erb within rescues/layout (1.1ms)


Started GET "/javascripts/dragdrop.js?1300620111" for 127.0.0.1 at 2011-03-21 20:37:40 +0530

ActionController::RoutingError (No route matches "/javascripts/dragdrop.js"):
  

Rendered /home/sujitsagar/.rvm/gems/ruby-1.9.2-p0/gems/actionpack-3.0.4/lib/action_dispatch/middleware/templates/rescues/routing_error.erb within rescues/layout (1.1ms)


Started GET "/javascripts/controls.js?1300620111" for 127.0.0.1 at 2011-03-21 20:37:40 +0530

ActionController::RoutingError (No route matches "/javascripts/controls.js"):
  

Rendered /home/sujitsagar/.rvm/gems/ruby-1.9.2-p0/gems/actionpack-3.0.4/lib/action_dispatch/middleware/templates/rescues/routing_error.erb within rescues/layout (1.1ms)


Started GET "/javascripts/rails.js?1300620111" for 127.0.0.1 at 2011-03-21 20:37:40 +0530

ActionController::RoutingError (No route matches "/javascripts/rails.js"):
  

Rendered /home/sujitsagar/.rvm/gems/ruby-1.9.2-p0/gems/actionpack-3.0.4/lib/action_dispatch/middleware/templates/rescues/routing_error.erb within rescues/layout (1.2ms)


Started GET "/javascripts/application.js?1300620111" for 127.0.0.1 at 2011-03-21 20:37:40 +0530

ActionController::RoutingError (No route matches "/javascripts/application.js"):
  

Rendered /home/sujitsagar/.rvm/gems/ruby-1.9.2-p0/gems/actionpack-3.0.4/lib/action_dispatch/middleware/templates/rescues/routing_error.erb within rescues/layout (1.2ms)


Started GET "/stylesheets/print.css?1290014457" for 127.0.0.1 at 2011-03-21 20:37:40 +0530

ActionController::RoutingError (No route matches "/stylesheets/print.css"):
  

Rendered /home/sujitsagar/.rvm/gems/ruby-1.9.2-p0/gems/actionpack-3.0.4/lib/action_dispatch/middleware/templates/rescues/routing_error.erb within rescues/layout (2.5ms)


Started GET "/images/logo.png?1300656506" for 127.0.0.1 at 2011-03-21 20:37:40 +0530

ActionController::RoutingError (No route matches "/images/logo.png"):
  

Rendered /home/sujitsagar/.rvm/gems/ruby-1.9.2-p0/gems/actionpack-3.0.4/lib/action_dispatch/middleware/templates/rescues/routing_error.erb within rescues/layout (1.1ms)


Started GET "/favicon.ico" for 127.0.0.1 at 2011-03-21 20:37:40 +0530

ActionController::RoutingError (No route matches "/favicon.ico"):
  

Rendered /home/sujitsagar/.rvm/gems/ruby-1.9.2-p0/gems/actionpack-3.0.4/lib/action_dispatch/middleware/templates/rescues/routing_error.erb within rescues/layout (1.1ms)


Started GET "/" for 127.0.0.1 at 2011-03-21 20:37:41 +0530
  Processing by PagesController#home as HTML
Rendered layouts/_stylesheets.html.erb (0.8ms)
Rendered layouts/_header.html.erb (0.8ms)
Rendered layouts/_footer.html.erb (0.4ms)
Rendered pages/home.html.erb within layouts/application (3.5ms)
Completed 200 OK in 5ms (Views: 4.4ms | ActiveRecord: 0.0ms)


Started GET "/stylesheets/screen.css?1290014457" for 127.0.0.1 at 2011-03-21 20:37:41 +0530

ActionController::RoutingError (No route matches "/stylesheets/screen.css"):
  

Rendered /home/sujitsagar/.rvm/gems/ruby-1.9.2-p0/gems/actionpack-3.0.4/lib/action_dispatch/middleware/templates/rescues/routing_error.erb within rescues/layout (1.1ms)


Started GET "/stylesheets/scaffold.css?1300620171" for 127.0.0.1 at 2011-03-21 20:37:41 +0530

ActionController::RoutingError (No route matches "/stylesheets/scaffold.css"):
  

Rendered /home/sujitsagar/.rvm/gems/ruby-1.9.2-p0/gems/actionpack-3.0.4/lib/action_dispatch/middleware/templates/rescues/routing_error.erb within rescues/layout (1.1ms)


Started GET "/javascripts/effects.js?1300620111" for 127.0.0.1 at 2011-03-21 20:37:41 +0530

ActionController::RoutingError (No route matches "/javascripts/effects.js"):
  

Rendered /home/sujitsagar/.rvm/gems/ruby-1.9.2-p0/gems/actionpack-3.0.4/lib/action_dispatch/middleware/templates/rescues/routing_error.erb within rescues/layout (1.1ms)


Started GET "/stylesheets/ie.css?1290014457" for 127.0.0.1 at 2011-03-21 20:37:41 +0530

ActionController::RoutingError (No route matches "/stylesheets/ie.css"):
  

Rendered /home/sujitsagar/.rvm/gems/ruby-1.9.2-p0/gems/actionpack-3.0.4/lib/action_dispatch/middleware/templates/rescues/routing_error.erb within rescues/layout (1.1ms)


Started GET "/javascripts/prototype.js?1300620111" for 127.0.0.1 at 2011-03-21 20:37:41 +0530

ActionController::RoutingError (No route matches "/javascripts/prototype.js"):
  

Rendered /home/sujitsagar/.rvm/gems/ruby-1.9.2-p0/gems/actionpack-3.0.4/lib/action_dispatch/middleware/templates/rescues/routing_error.erb within rescues/layout (1.3ms)


Started GET "/stylesheets/custom.css?1300659274" for 127.0.0.1 at 2011-03-21 20:37:41 +0530

ActionController::RoutingError (No route matches "/stylesheets/custom.css"):
  

Rendered /home/sujitsagar/.rvm/gems/ruby-1.9.2-p0/gems/actionpack-3.0.4/lib/action_dispatch/middleware/templates/rescues/routing_error.erb within rescues/layout (1.2ms)


Started GET "/javascripts/dragdrop.js?1300620111" for 127.0.0.1 at 2011-03-21 20:37:41 +0530

ActionController::RoutingError (No route matches "/javascripts/dragdrop.js"):
  

Rendered /home/sujitsagar/.rvm/gems/ruby-1.9.2-p0/gems/actionpack-3.0.4/lib/action_dispatch/middleware/templates/rescues/routing_error.erb within rescues/layout (26.4ms)


Started GET "/javascripts/controls.js?1300620111" for 127.0.0.1 at 2011-03-21 20:37:41 +0530

ActionController::RoutingError (No route matches "/javascripts/controls.js"):
  

Rendered /home/sujitsagar/.rvm/gems/ruby-1.9.2-p0/gems/actionpack-3.0.4/lib/action_dispatch/middleware/templates/rescues/routing_error.erb within rescues/layout (1.1ms)


Started GET "/javascripts/rails.js?1300620111" for 127.0.0.1 at 2011-03-21 20:37:41 +0530

ActionController::RoutingError (No route matches "/javascripts/rails.js"):
  

Rendered /home/sujitsagar/.rvm/gems/ruby-1.9.2-p0/gems/actionpack-3.0.4/lib/action_dispatch/middleware/templates/rescues/routing_error.erb within rescues/layout (1.2ms)


Started GET "/javascripts/application.js?1300620111" for 127.0.0.1 at 2011-03-21 20:37:41 +0530

ActionController::RoutingError (No route matches "/javascripts/application.js"):
  

Rendered /home/sujitsagar/.rvm/gems/ruby-1.9.2-p0/gems/actionpack-3.0.4/lib/action_dispatch/middleware/templates/rescues/routing_error.erb within rescues/layout (1.1ms)


Started GET "/stylesheets/print.css?1290014457" for 127.0.0.1 at 2011-03-21 20:37:41 +0530

ActionController::RoutingError (No route matches "/stylesheets/print.css"):
  

Rendered /home/sujitsagar/.rvm/gems/ruby-1.9.2-p0/gems/actionpack-3.0.4/lib/action_dispatch/middleware/templates/rescues/routing_error.erb within rescues/layout (1.2ms)


Started GET "/images/logo.png?1300656506" for 127.0.0.1 at 2011-03-21 20:37:41 +0530

ActionController::RoutingError (No route matches "/images/logo.png"):
  

Rendered /home/sujitsagar/.rvm/gems/ruby-1.9.2-p0/gems/actionpack-3.0.4/lib/action_dispatch/middleware/templates/rescues/routing_error.erb within rescues/layout (1.1ms)


Started GET "/favicon.ico" for 127.0.0.1 at 2011-03-21 20:37:41 +0530

ActionController::RoutingError (No route matches "/favicon.ico"):
  

Rendered /home/sujitsagar/.rvm/gems/ruby-1.9.2-p0/gems/actionpack-3.0.4/lib/action_dispatch/middleware/templates/rescues/routing_error.erb within rescues/layout (1.2ms)


Started GET "/about" for 127.0.0.1 at 2011-03-21 20:37:43 +0530
  Processing by PagesController#about as HTML
Rendered layouts/_stylesheets.html.erb (0.9ms)
Rendered layouts/_header.html.erb (0.8ms)
Rendered layouts/_footer.html.erb (0.4ms)
Rendered pages/about.html.erb within layouts/application (3.8ms)
Completed 200 OK in 25ms (Views: 24.5ms | ActiveRecord: 0.0ms)


Started GET "/stylesheets/screen.css?1290014457" for 127.0.0.1 at 2011-03-21 20:37:43 +0530

ActionController::RoutingError (No route matches "/stylesheets/screen.css"):
  

Rendered /home/sujitsagar/.rvm/gems/ruby-1.9.2-p0/gems/actionpack-3.0.4/lib/action_dispatch/middleware/templates/rescues/routing_error.erb within rescues/layout (1.2ms)


Started GET "/stylesheets/custom.css?1300659274" for 127.0.0.1 at 2011-03-21 20:37:43 +0530

ActionController::RoutingError (No route matches "/stylesheets/custom.css"):
  

Rendered /home/sujitsagar/.rvm/gems/ruby-1.9.2-p0/gems/actionpack-3.0.4/lib/action_dispatch/middleware/templates/rescues/routing_error.erb within rescues/layout (1.2ms)


Started GET "/stylesheets/ie.css?1290014457" for 127.0.0.1 at 2011-03-21 20:37:43 +0530

ActionController::RoutingError (No route matches "/stylesheets/ie.css"):
  

Rendered /home/sujitsagar/.rvm/gems/ruby-1.9.2-p0/gems/actionpack-3.0.4/lib/action_dispatch/middleware/templates/rescues/routing_error.erb within rescues/layout (1.1ms)


Started GET "/javascripts/effects.js?1300620111" for 127.0.0.1 at 2011-03-21 20:37:43 +0530

ActionController::RoutingError (No route matches "/javascripts/effects.js"):
  

Rendered /home/sujitsagar/.rvm/gems/ruby-1.9.2-p0/gems/actionpack-3.0.4/lib/action_dispatch/middleware/templates/rescues/routing_error.erb within rescues/layout (1.5ms)


Started GET "/javascripts/prototype.js?1300620111" for 127.0.0.1 at 2011-03-21 20:37:43 +0530

ActionController::RoutingError (No route matches "/javascripts/prototype.js"):
  

Rendered /home/sujitsagar/.rvm/gems/ruby-1.9.2-p0/gems/actionpack-3.0.4/lib/action_dispatch/middleware/templates/rescues/routing_error.erb within rescues/layout (1.2ms)


Started GET "/stylesheets/scaffold.css?1300620171" for 127.0.0.1 at 2011-03-21 20:37:43 +0530

ActionController::RoutingError (No route matches "/stylesheets/scaffold.css"):
  

Rendered /home/sujitsagar/.rvm/gems/ruby-1.9.2-p0/gems/actionpack-3.0.4/lib/action_dispatch/middleware/templates/rescues/routing_error.erb within rescues/layout (1.2ms)


Started GET "/javascripts/dragdrop.js?1300620111" for 127.0.0.1 at 2011-03-21 20:37:43 +0530

ActionController::RoutingError (No route matches "/javascripts/dragdrop.js"):
  

Rendered /home/sujitsagar/.rvm/gems/ruby-1.9.2-p0/gems/actionpack-3.0.4/lib/action_dispatch/middleware/templates/rescues/routing_error.erb within rescues/layout (1.1ms)


Started GET "/javascripts/controls.js?1300620111" for 127.0.0.1 at 2011-03-21 20:37:43 +0530

ActionController::RoutingError (No route matches "/javascripts/controls.js"):
  

Rendered /home/sujitsagar/.rvm/gems/ruby-1.9.2-p0/gems/actionpack-3.0.4/lib/action_dispatch/middleware/templates/rescues/routing_error.erb within rescues/layout (1.2ms)


Started GET "/javascripts/rails.js?1300620111" for 127.0.0.1 at 2011-03-21 20:37:43 +0530

ActionController::RoutingError (No route matches "/javascripts/rails.js"):
  

Rendered /home/sujitsagar/.rvm/gems/ruby-1.9.2-p0/gems/actionpack-3.0.4/lib/action_dispatch/middleware/templates/rescues/routing_error.erb within rescues/layout (1.3ms)


Started GET "/javascripts/application.js?1300620111" for 127.0.0.1 at 2011-03-21 20:37:43 +0530

ActionController::RoutingError (No route matches "/javascripts/application.js"):
  

Rendered /home/sujitsagar/.rvm/gems/ruby-1.9.2-p0/gems/actionpack-3.0.4/lib/action_dispatch/middleware/templates/rescues/routing_error.erb within rescues/layout (1.3ms)


Started GET "/stylesheets/print.css?1290014457" for 127.0.0.1 at 2011-03-21 20:37:43 +0530

ActionController::RoutingError (No route matches "/stylesheets/print.css"):
  

Rendered /home/sujitsagar/.rvm/gems/ruby-1.9.2-p0/gems/actionpack-3.0.4/lib/action_dispatch/middleware/templates/rescues/routing_error.erb within rescues/layout (1.1ms)


Started GET "/images/logo.png?1300656506" for 127.0.0.1 at 2011-03-21 20:37:43 +0530

ActionController::RoutingError (No route matches "/images/logo.png"):
  

Rendered /home/sujitsagar/.rvm/gems/ruby-1.9.2-p0/gems/actionpack-3.0.4/lib/action_dispatch/middleware/templates/rescues/routing_error.erb within rescues/layout (1.5ms)


Started GET "/favicon.ico" for 127.0.0.1 at 2011-03-21 20:37:43 +0530

ActionController::RoutingError (No route matches "/favicon.ico"):
  

Rendered /home/sujitsagar/.rvm/gems/ruby-1.9.2-p0/gems/actionpack-3.0.4/lib/action_dispatch/middleware/templates/rescues/routing_error.erb within rescues/layout (1.1ms)


Started GET "/contact" for 127.0.0.1 at 2011-03-21 20:37:44 +0530
  Processing by PagesController#contact as HTML
Rendered layouts/_stylesheets.html.erb (0.8ms)
Rendered layouts/_header.html.erb (0.9ms)
Rendered layouts/_footer.html.erb (0.4ms)
Rendered pages/contact.html.erb within layouts/application (3.9ms)
Completed 200 OK in 22ms (Views: 21.3ms | ActiveRecord: 0.0ms)


Started GET "/stylesheets/scaffold.css?1300620171" for 127.0.0.1 at 2011-03-21 20:37:44 +0530

ActionController::RoutingError (No route matches "/stylesheets/scaffold.css"):
  

Rendered /home/sujitsagar/.rvm/gems/ruby-1.9.2-p0/gems/actionpack-3.0.4/lib/action_dispatch/middleware/templates/rescues/routing_error.erb within rescues/layout (1.3ms)


Started GET "/stylesheets/screen.css?1290014457" for 127.0.0.1 at 2011-03-21 20:37:44 +0530

ActionController::RoutingError (No route matches "/stylesheets/screen.css"):
  

Rendered /home/sujitsagar/.rvm/gems/ruby-1.9.2-p0/gems/actionpack-3.0.4/lib/action_dispatch/middleware/templates/rescues/routing_error.erb within rescues/layout (1.2ms)


Started GET "/stylesheets/ie.css?1290014457" for 127.0.0.1 at 2011-03-21 20:37:44 +0530

ActionController::RoutingError (No route matches "/stylesheets/ie.css"):
  

Rendered /home/sujitsagar/.rvm/gems/ruby-1.9.2-p0/gems/actionpack-3.0.4/lib/action_dispatch/middleware/templates/rescues/routing_error.erb within rescues/layout (1.1ms)


Started GET "/stylesheets/custom.css?1300659274" for 127.0.0.1 at 2011-03-21 20:37:44 +0530

ActionController::RoutingError (No route matches "/stylesheets/custom.css"):
  

Rendered /home/sujitsagar/.rvm/gems/ruby-1.9.2-p0/gems/actionpack-3.0.4/lib/action_dispatch/middleware/templates/rescues/routing_error.erb within rescues/layout (1.6ms)


Started GET "/javascripts/prototype.js?1300620111" for 127.0.0.1 at 2011-03-21 20:37:44 +0530

ActionController::RoutingError (No route matches "/javascripts/prototype.js"):
  

Rendered /home/sujitsagar/.rvm/gems/ruby-1.9.2-p0/gems/actionpack-3.0.4/lib/action_dispatch/middleware/templates/rescues/routing_error.erb within rescues/layout (1.2ms)


Started GET "/javascripts/effects.js?1300620111" for 127.0.0.1 at 2011-03-21 20:37:44 +0530

ActionController::RoutingError (No route matches "/javascripts/effects.js"):
  

Rendered /home/sujitsagar/.rvm/gems/ruby-1.9.2-p0/gems/actionpack-3.0.4/lib/action_dispatch/middleware/templates/rescues/routing_error.erb within rescues/layout (1.2ms)


Started GET "/javascripts/dragdrop.js?1300620111" for 127.0.0.1 at 2011-03-21 20:37:44 +0530

ActionController::RoutingError (No route matches "/javascripts/dragdrop.js"):
  

Rendered /home/sujitsagar/.rvm/gems/ruby-1.9.2-p0/gems/actionpack-3.0.4/lib/action_dispatch/middleware/templates/rescues/routing_error.erb within rescues/layout (1.2ms)


Started GET "/javascripts/controls.js?1300620111" for 127.0.0.1 at 2011-03-21 20:37:44 +0530

ActionController::RoutingError (No route matches "/javascripts/controls.js"):
  

Rendered /home/sujitsagar/.rvm/gems/ruby-1.9.2-p0/gems/actionpack-3.0.4/lib/action_dispatch/middleware/templates/rescues/routing_error.erb within rescues/layout (1.1ms)


Started GET "/javascripts/rails.js?1300620111" for 127.0.0.1 at 2011-03-21 20:37:44 +0530

ActionController::RoutingError (No route matches "/javascripts/rails.js"):
  

Rendered /home/sujitsagar/.rvm/gems/ruby-1.9.2-p0/gems/actionpack-3.0.4/lib/action_dispatch/middleware/templates/rescues/routing_error.erb within rescues/layout (1.1ms)


Started GET "/javascripts/application.js?1300620111" for 127.0.0.1 at 2011-03-21 20:37:44 +0530

ActionController::RoutingError (No route matches "/javascripts/application.js"):
  

Rendered /home/sujitsagar/.rvm/gems/ruby-1.9.2-p0/gems/actionpack-3.0.4/lib/action_dispatch/middleware/templates/rescues/routing_error.erb within rescues/layout (1.1ms)


Started GET "/stylesheets/print.css?1290014457" for 127.0.0.1 at 2011-03-21 20:37:44 +0530

ActionController::RoutingError (No route matches "/stylesheets/print.css"):
  

Rendered /home/sujitsagar/.rvm/gems/ruby-1.9.2-p0/gems/actionpack-3.0.4/lib/action_dispatch/middleware/templates/rescues/routing_error.erb within rescues/layout (1.2ms)


Started GET "/images/logo.png?1300656506" for 127.0.0.1 at 2011-03-21 20:37:44 +0530

ActionController::RoutingError (No route matches "/images/logo.png"):
  

Rendered /home/sujitsagar/.rvm/gems/ruby-1.9.2-p0/gems/actionpack-3.0.4/lib/action_dispatch/middleware/templates/rescues/routing_error.erb within rescues/layout (1.2ms)


Started GET "/favicon.ico" for 127.0.0.1 at 2011-03-21 20:37:44 +0530

ActionController::RoutingError (No route matches "/favicon.ico"):
  

Rendered /home/sujitsagar/.rvm/gems/ruby-1.9.2-p0/gems/actionpack-3.0.4/lib/action_dispatch/middleware/templates/rescues/routing_error.erb within rescues/layout (25.6ms)


Started GET "/favicon.ico" for 127.0.0.1 at 2011-03-21 20:37:51 +0530

ActionController::RoutingError (No route matches "/favicon.ico"):
  

Rendered /home/sujitsagar/.rvm/gems/ruby-1.9.2-p0/gems/actionpack-3.0.4/lib/action_dispatch/middleware/templates/rescues/routing_error.erb within rescues/layout (1.1ms)


Started GET "/favicon.ico" for 127.0.0.1 at 2011-03-21 20:37:53 +0530

ActionController::RoutingError (No route matches "/favicon.ico"):
  

Rendered /home/sujitsagar/.rvm/gems/ruby-1.9.2-p0/gems/actionpack-3.0.4/lib/action_dispatch/middleware/templates/rescues/routing_error.erb within rescues/layout (1.1ms)


Started GET "/help" for 127.0.0.1 at 2011-03-21 20:37:54 +0530

AbstractController::ActionNotFound (The action 'help' could not be found for PagesController):
  

Rendered /home/sujitsagar/.rvm/gems/ruby-1.9.2-p0/gems/actionpack-3.0.4/lib/action_dispatch/middleware/templates/rescues/unknown_action.erb within rescues/layout (0.8ms)


Started GET "/favicon.ico" for 127.0.0.1 at 2011-03-21 20:37:54 +0530

ActionController::RoutingError (No route matches "/favicon.ico"):
  

Rendered /home/sujitsagar/.rvm/gems/ruby-1.9.2-p0/gems/actionpack-3.0.4/lib/action_dispatch/middleware/templates/rescues/routing_error.erb within rescues/layout (1.2ms)


Started GET "/favicon.ico" for 127.0.0.1 at 2011-03-21 20:37:59 +0530

ActionController::RoutingError (No route matches "/favicon.ico"):
  

Rendered /home/sujitsagar/.rvm/gems/ruby-1.9.2-p0/gems/actionpack-3.0.4/lib/action_dispatch/middleware/templates/rescues/routing_error.erb within rescues/layout (1.2ms)


Started GET "/users/8" for 127.0.0.1 at 2011-03-22 16:16:58 +0530
  Processing by UsersController#show as HTML
  Parameters: {"id"=>"8"}
Completed   in 2ms

Mysql2::Error (Table 'final_production.users' doesn't exist):
  app/models/user.rb:43:in `authenticate_with_salt'
  app/helpers/sessions_helper.rb:20:in `user_from_remember_token'
  app/helpers/sessions_helper.rb:8:in `current_user'
  app/helpers/sessions_helper.rb:11:in `signed_in?'
  app/controllers/users_controller.rb:58:in `authenticate'

Rendered /home/sujitsagar/.rvm/gems/ruby-1.9.2-p0/gems/actionpack-3.0.4/lib/action_dispatch/middleware/templates/rescues/_trace.erb (1.4ms)
Rendered /home/sujitsagar/.rvm/gems/ruby-1.9.2-p0/gems/actionpack-3.0.4/lib/action_dispatch/middleware/templates/rescues/_request_and_response.erb (3.8ms)
Rendered /home/sujitsagar/.rvm/gems/ruby-1.9.2-p0/gems/actionpack-3.0.4/lib/action_dispatch/middleware/templates/rescues/diagnostics.erb within rescues/layout (9.6ms)


Started GET "/" for 127.0.0.1 at 2011-03-22 16:17:06 +0530
  Processing by SessionsController#new as HTML
Completed   in 1ms

Mysql2::Error (Table 'final_production.users' doesn't exist):
  app/models/user.rb:43:in `authenticate_with_salt'
  app/helpers/sessions_helper.rb:20:in `user_from_remember_token'
  app/helpers/sessions_helper.rb:8:in `current_user'
  app/helpers/sessions_helper.rb:11:in `signed_in?'
  app/controllers/sessions_controller.rb:5:in `new'

Rendered /home/sujitsagar/.rvm/gems/ruby-1.9.2-p0/gems/actionpack-3.0.4/lib/action_dispatch/middleware/templates/rescues/_trace.erb (1.6ms)
Rendered /home/sujitsagar/.rvm/gems/ruby-1.9.2-p0/gems/actionpack-3.0.4/lib/action_dispatch/middleware/templates/rescues/_request_and_response.erb (3.8ms)
Rendered /home/sujitsagar/.rvm/gems/ruby-1.9.2-p0/gems/actionpack-3.0.4/lib/action_dispatch/middleware/templates/rescues/diagnostics.erb within rescues/layout (10.0ms)


Started GET "/" for 127.0.0.1 at 2011-04-09 22:06:38 +0530
  Processing by SessionsController#new as HTML
Completed   in 15ms

Mysql2::Error (Table 'final_production.users' doesn't exist):
  app/models/user.rb:84:in `authenticate_with_salt'
  app/helpers/sessions_helper.rb:20:in `user_from_remember_token'
  app/helpers/sessions_helper.rb:8:in `current_user'
  app/helpers/sessions_helper.rb:11:in `signed_in?'
  app/controllers/sessions_controller.rb:7:in `new'

Rendered /home/sujitsagar/.rvm/gems/ruby-1.9.2-p0/gems/actionpack-3.0.4/lib/action_dispatch/middleware/templates/rescues/_trace.erb (41.7ms)
Rendered /home/sujitsagar/.rvm/gems/ruby-1.9.2-p0/gems/actionpack-3.0.4/lib/action_dispatch/middleware/templates/rescues/_request_and_response.erb (8.6ms)
Rendered /home/sujitsagar/.rvm/gems/ruby-1.9.2-p0/gems/actionpack-3.0.4/lib/action_dispatch/middleware/templates/rescues/diagnostics.erb within rescues/layout (59.0ms)


Started GET "/" for 127.0.0.1 at 2011-04-09 22:07:44 +0530
  Processing by SessionsController#new as HTML
Redirected to http://localhost:3000/users/1
Completed 302 Found in 106ms


Started GET "/users/1" for 127.0.0.1 at 2011-04-09 22:07:44 +0530
  Processing by UsersController#show as HTML
  Parameters: {"id"=>"1"}
Rendered pages/_showproducts1.html.erb (102.8ms)
Rendered layouts/_stylesheets.html.erb (0.4ms)
Rendered layouts/_header1.html.erb (0.6ms)
Rendered layouts/_userinfo.html.erb (1.4ms)
Rendered layouts/_header2.html.erb (1.2ms)
Rendered layouts/_headertabs.html.erb (0.5ms)
Rendered users/show.html.erb within layouts/profile (310.4ms)
Completed 200 OK in 443ms (Views: 372.6ms | ActiveRecord: 25.1ms)


Started GET "/stylesheets/style.css" for 127.0.0.1 at 2011-04-09 22:07:44 +0530

ActionController::RoutingError (No route matches "/stylesheets/style.css"):
  

Rendered /home/sujitsagar/.rvm/gems/ruby-1.9.2-p0/gems/actionpack-3.0.4/lib/action_dispatch/middleware/templates/rescues/routing_error.erb within rescues/layout (1.3ms)


Started GET "/images/likes.png" for 127.0.0.1 at 2011-04-09 22:07:44 +0530

ActionController::RoutingError (No route matches "/images/likes.png"):
  

Rendered /home/sujitsagar/.rvm/gems/ruby-1.9.2-p0/gems/actionpack-3.0.4/lib/action_dispatch/middleware/templates/rescues/routing_error.erb within rescues/layout (1.5ms)


Started GET "/users/images/current_deal.png" for 127.0.0.1 at 2011-04-09 22:07:44 +0530

ActionController::RoutingError (No route matches "/users/images/current_deal.png"):
  

Rendered /home/sujitsagar/.rvm/gems/ruby-1.9.2-p0/gems/actionpack-3.0.4/lib/action_dispatch/middleware/templates/rescues/routing_error.erb within rescues/layout (1.3ms)


Started GET "/users/1" for 127.0.0.1 at 2011-04-09 22:07:47 +0530
  Processing by UsersController#show as HTML
  Parameters: {"id"=>"1"}
Rendered pages/_showproducts1.html.erb (46.2ms)
Rendered layouts/_stylesheets.html.erb (0.0ms)
Rendered layouts/_header1.html.erb (0.0ms)
Rendered layouts/_userinfo.html.erb (0.6ms)
Rendered layouts/_header2.html.erb (0.5ms)
Rendered layouts/_headertabs.html.erb (0.0ms)
Rendered users/show.html.erb within layouts/profile (175.5ms)
Completed 200 OK in 178ms (Views: 171.0ms | ActiveRecord: 5.5ms)


Started GET "/stylesheets/scaffold.css" for 127.0.0.1 at 2011-04-09 22:07:47 +0530

ActionController::RoutingError (No route matches "/stylesheets/scaffold.css"):
  

Rendered /home/sujitsagar/.rvm/gems/ruby-1.9.2-p0/gems/actionpack-3.0.4/lib/action_dispatch/middleware/templates/rescues/routing_error.erb within rescues/layout (1.3ms)


Started GET "/stylesheets/ie.css" for 127.0.0.1 at 2011-04-09 22:07:48 +0530

ActionController::RoutingError (No route matches "/stylesheets/ie.css"):
  

Rendered /home/sujitsagar/.rvm/gems/ruby-1.9.2-p0/gems/actionpack-3.0.4/lib/action_dispatch/middleware/templates/rescues/routing_error.erb within rescues/layout (6.7ms)


Started GET "/stylesheets/custom.css" for 127.0.0.1 at 2011-04-09 22:07:48 +0530

ActionController::RoutingError (No route matches "/stylesheets/custom.css"):
  

Rendered /home/sujitsagar/.rvm/gems/ruby-1.9.2-p0/gems/actionpack-3.0.4/lib/action_dispatch/middleware/templates/rescues/routing_error.erb within rescues/layout (1.1ms)


Started GET "/images/likes.png" for 127.0.0.1 at 2011-04-09 22:07:48 +0530

ActionController::RoutingError (No route matches "/images/likes.png"):
  

Rendered /home/sujitsagar/.rvm/gems/ruby-1.9.2-p0/gems/actionpack-3.0.4/lib/action_dispatch/middleware/templates/rescues/routing_error.erb within rescues/layout (1.2ms)


Started GET "/stylesheets/style.css" for 127.0.0.1 at 2011-04-09 22:07:48 +0530

ActionController::RoutingError (No route matches "/stylesheets/style.css"):
  

Rendered /home/sujitsagar/.rvm/gems/ruby-1.9.2-p0/gems/actionpack-3.0.4/lib/action_dispatch/middleware/templates/rescues/routing_error.erb within rescues/layout (1.1ms)


Started GET "/images/info.png" for 127.0.0.1 at 2011-04-09 22:07:48 +0530

ActionController::RoutingError (No route matches "/images/info.png"):
  

Rendered /home/sujitsagar/.rvm/gems/ruby-1.9.2-p0/gems/actionpack-3.0.4/lib/action_dispatch/middleware/templates/rescues/routing_error.erb within rescues/layout (2.0ms)


Started GET "/images/friends.png" for 127.0.0.1 at 2011-04-09 22:07:48 +0530

ActionController::RoutingError (No route matches "/images/friends.png"):
  

Rendered /home/sujitsagar/.rvm/gems/ruby-1.9.2-p0/gems/actionpack-3.0.4/lib/action_dispatch/middleware/templates/rescues/routing_error.erb within rescues/layout (1.4ms)


Started GET "/images/cheaps.png" for 127.0.0.1 at 2011-04-09 22:07:48 +0530

ActionController::RoutingError (No route matches "/images/cheaps.png"):
  

Rendered /home/sujitsagar/.rvm/gems/ruby-1.9.2-p0/gems/actionpack-3.0.4/lib/action_dispatch/middleware/templates/rescues/routing_error.erb within rescues/layout (1.2ms)


Started GET "/productimages/products/image1.jpg?1302200864" for 127.0.0.1 at 2011-04-09 22:07:48 +0530

ActionController::RoutingError (No route matches "/productimages/products/image1.jpg"):
  

Rendered /home/sujitsagar/.rvm/gems/ruby-1.9.2-p0/gems/actionpack-3.0.4/lib/action_dispatch/middleware/templates/rescues/routing_error.erb within rescues/layout (1.2ms)


Started GET "/users/images/current_deal.png" for 127.0.0.1 at 2011-04-09 22:07:48 +0530

ActionController::RoutingError (No route matches "/users/images/current_deal.png"):
  

Rendered /home/sujitsagar/.rvm/gems/ruby-1.9.2-p0/gems/actionpack-3.0.4/lib/action_dispatch/middleware/templates/rescues/routing_error.erb within rescues/layout (1.2ms)


Started GET "/products/1782" for 127.0.0.1 at 2011-04-09 22:07:51 +0530
  Processing by ProductsController#show as HTML
  Parameters: {"id"=>"1782"}
Rendered products/_productunlike.html.erb (3.6ms)
Rendered products/_productlike_form.html.erb (21.1ms)
Rendered products/_pstats.html.erb (1.9ms)
Rendered shared/_error_messages.html.erb (0.8ms)
Rendered shared/_productcomment_form.html.erb (30.3ms)
Rendered layouts/_stylesheets.html.erb (0.0ms)
Rendered layouts/_header1.html.erb (0.0ms)
Rendered layouts/_userinfo.html.erb (1.3ms)
Rendered layouts/_header2.html.erb (0.7ms)
Rendered layouts/_headertabs.html.erb (0.0ms)
Rendered products/show.html.erb within layouts/cheapsdiary (149.0ms)
Completed 200 OK in 292ms (Views: 205.4ms | ActiveRecord: 4.4ms)


Started GET "/stylesheets/scaffold.css" for 127.0.0.1 at 2011-04-09 22:07:51 +0530

ActionController::RoutingError (No route matches "/stylesheets/scaffold.css"):
  

Rendered /home/sujitsagar/.rvm/gems/ruby-1.9.2-p0/gems/actionpack-3.0.4/lib/action_dispatch/middleware/templates/rescues/routing_error.erb within rescues/layout (1.2ms)


Started GET "/stylesheets/ie.css" for 127.0.0.1 at 2011-04-09 22:07:51 +0530

ActionController::RoutingError (No route matches "/stylesheets/ie.css"):
  

Rendered /home/sujitsagar/.rvm/gems/ruby-1.9.2-p0/gems/actionpack-3.0.4/lib/action_dispatch/middleware/templates/rescues/routing_error.erb within rescues/layout (1.5ms)


Started GET "/stylesheets/custom.css" for 127.0.0.1 at 2011-04-09 22:07:51 +0530

ActionController::RoutingError (No route matches "/stylesheets/custom.css"):
  

Rendered /home/sujitsagar/.rvm/gems/ruby-1.9.2-p0/gems/actionpack-3.0.4/lib/action_dispatch/middleware/templates/rescues/routing_error.erb within rescues/layout (1.3ms)


Started GET "/stylesheets/style.css" for 127.0.0.1 at 2011-04-09 22:07:51 +0530

ActionController::RoutingError (No route matches "/stylesheets/style.css"):
  

Rendered /home/sujitsagar/.rvm/gems/ruby-1.9.2-p0/gems/actionpack-3.0.4/lib/action_dispatch/middleware/templates/rescues/routing_error.erb within rescues/layout (1.2ms)


Started GET "/images/localdiscount.png" for 127.0.0.1 at 2011-04-09 22:07:51 +0530

ActionController::RoutingError (No route matches "/images/localdiscount.png"):
  

Rendered /home/sujitsagar/.rvm/gems/ruby-1.9.2-p0/gems/actionpack-3.0.4/lib/action_dispatch/middleware/templates/rescues/routing_error.erb within rescues/layout (2.8ms)


Started GET "/images/friends.png" for 127.0.0.1 at 2011-04-09 22:07:51 +0530

ActionController::RoutingError (No route matches "/images/friends.png"):
  

Rendered /home/sujitsagar/.rvm/gems/ruby-1.9.2-p0/gems/actionpack-3.0.4/lib/action_dispatch/middleware/templates/rescues/routing_error.erb within rescues/layout (1.2ms)


Started GET "/productimages/products/image1.jpg?1302200864" for 127.0.0.1 at 2011-04-09 22:07:51 +0530

ActionController::RoutingError (No route matches "/productimages/products/image1.jpg"):
  

Rendered /home/sujitsagar/.rvm/gems/ruby-1.9.2-p0/gems/actionpack-3.0.4/lib/action_dispatch/middleware/templates/rescues/routing_error.erb within rescues/layout (1.2ms)
